Case #1: SDHNAWBYXGCFMQPRULEVOIZKTJ
Case #2: IMPOSSIBLE
Case #3: IPTKQSANCURVWXFBOYEZGJMHLD
Case #4: PLXKVUQDAYMFTGOCZJREIWSHBN
Case #5: UWGNRSCQVAPOBFKITLZDJHXMEY
Case #6: IMPOSSIBLE
Case #7: IEDLBWOJSXRUPVKNAYFZHGMTQC
Case #8: UCPYMFBIJWNRHVQZTGKADXSLOE
Case #9: IMPOSSIBLE
Case #10: IMPOSSIBLE
Case #11: JTZGRYMWQONUPIFEXSBLKHDVAC
Case #12: YIUKZBQXNVGRHEOFAJMLPWDSTC
Case #13: JAEFLQRGZCWDKBTVNHMYPSIXUO
Case #14: ULCFQDYWHTJMOXKBRGSINPAEZV
Case #15: MHDLXRVPKBACWZEQYOFUGSNTJI
Case #16: LNFBYZGAKMPERSVITXJHDQOWUC
Case #17: HYUCAMRKZXJBSWPNDTVFQIOEGL
Case #18: DSTYKOZMJLFUVECGPRAIHNXWBQ
Case #19: CFWSJUPXOTYQLZAIRKDBHNMVGE
Case #20: JARTSHOWYLPUDBICEXQVMNKFGZ
Case #21: IKYGLQOTNSHDVJUBACFPWZREXM
Case #22: IMPOSSIBLE
Case #23: QKLUNREBHGWZXCDTAPMJVYSIFO
Case #24: RZETOISJLGBFYVPWXNKHCADQUM
Case #25: IMPOSSIBLE
Case #26: XNTIFSBOQHLDYGMAZRUWKPVEJC
Case #27: FMBVOLPGQXEKNHZIRSWAYUDJTC
Case #28: OTFNIQVKCARLZSEYPXGBWDHJMU
Case #29: THZXQCODPBEVJNRGUYWSKALMIF
Case #30: PGHCLXBZFMRTUWOJKYEIVQDNAS
Case #31: IMPOSSIBLE
Case #32: HFMTPELGASVZOCUXRYWDKBIJNQ
Case #33: ZYDGWOEUFMCJRTPABKVNXHIQSL
Case #34: IMPOSSIBLE
Case #35: LPUYRGCHQTAEFSNOWVJXMZKDIB
Case #36: WZPXKQATHVLJGMRFDCNESIYOUB
Case #37: BORMWVPCSFQJANUILKHZGYXTDE
Case #38: IMPOSSIBLE
Case #39: IMPOSSIBLE
Case #40: SKJYFWGMADTVLUBXQIPRNHCOZE
Case #41: IMPOSSIBLE
Case #42: HPDVAKIXZBOGLCFSQJEYWRTNMU
Case #43: FEVMSLYDQWXBIPRNUZCGJAHTKO
Case #44: SKBPIQVZUHXCTELJDRYFONAWGM
Case #45: IMPOSSIBLE
Case #46: EPURVBHIYLTGDJOCSZXWFQKAMN
Case #47: QFDNWPZGSVALKYJRETHXMCOBIU
Case #48: KTBGXZSJHERDQNPMAILYOFWUVC
Case #49: NMAWIDHZXRKLUGCSEJTPFOBVYQ
Case #50: FZXTCOAUEPSNLMKDYJQRWBHGVI
Case #51: WYIMTAJOGLFBKNQSXZERHCVUDP
Case #52: SXAJFPWZQILGKECRDYVUOMBNHT
Case #53: JLBCQVEPOSYFZWUGNXKATRMDHI
Case #54: EDWOFGMXLCQKVAZPUJNYHISTRB
Case #55: QVYTNSIMBHWJLRCAGOZPUDFXEK
Case #56: KVHUQPLOTMRAZSJXGFWYEDBNIC
Case #57: WJRICHLOZDGXFPAUESQVYBNTKM
Case #58: VFGNEABIOJUPRZYLXQDCHMSTWK
Case #59: ZMBXVTPJLWYKGRAIFSCDNQOHEU
Case #60: IMPOSSIBLE
Case #61: TREOMDXQSFPCNGKZJIWBAYVULH
Case #62: IKALTROENFDXPCGSZQJBWHVYUM
Case #63: EDFNHTAQZBMPWYCJXSKRIVUGOL
Case #64: IMPOSSIBLE
Case #65: IMPOSSIBLE
Case #66: GPLOKFRZBJXMYVWQUNSHATIECD
Case #67: EYVMIUBPXJGCSRWOFLANHQKDTZ
Case #68: ORMINLHDVTPUAYBKCGSWEQFXJZ
Case #69: RMQILDXWBKTOSVEGYFHJPNCAZU
Case #70: BAOZYGRKUMFSCHPWLIETDQXJNV
Case #71: GDJKNWPZAIHELCBTRUYSXOMQFV
Case #72: NITVKBXLSGJOQFMCHZUYWPDREA
Case #73: NBVSLEGQFOHUICARJWXMTZPDYK
Case #74: TQBKLVXIJHDEFSYZMPROGWCANU
Case #75: IMPOSSIBLE
Case #76: BXLTJQCRHVAIUKNFOYSWEDPGZM
Case #77: FVCBDWMSXYEJLRGTONIKQHZAPU
Case #78: CAHNROPFIXWUJELYSVTDGQKMZB
Case #79: EOUKPNZWRSFLCTAJMQBHYGIXVD
Case #80: IMPOSSIBLE
Case #81: FWTGLEHKDCXBSPNUAORMYJVIQZ
Case #82: KXCAUPMGWYLHOVEITQSDZJFRBN
Case #83: ZEALOCNHQIDXGTFYVWBRPJKUMS
Case #84: ZPHLMNBDSKVACGEXWTROJQFIYU
Case #85: PGVEOHXQUSKWALMBNRJZDTYFIC
Case #86: BLUJWXKTOFCRSNIYPQGDHZAMEV
Case #87: PFGIOYEURZKMDNTXBCVAJWQLSH
Case #88: LCUXIQSGBERHZNVWAPYTKFJMOD
Case #89: ZJIBFUMVSPNGXEHWYORCAKQDTL
Case #90: VFCGJKXZUHQSYNWDAMRLETOBIP
Case #91: SAFPMWHVBZJXGLDRKYTCNUIEOQ
Case #92: MHQLNYXVOCKZBTESIPUAGJDWFR
Case #93: HRZSBCFDPAUJIQXOMVWKGTNEYL
Case #94: IMPOSSIBLE
Case #95: BVFOSTHKZCIMUWYPDQGARJLEXN
Case #96: HQCLEUZPWTXIAOVFNGBYMKRDSJ
Case #97: EJFXANLQWYGBCRTZISMVUHOPDK
Case #98: IMPOSSIBLE
Case #99: JNMFAWXDGIKHTUQZLESBVYRPCO
Case #100: VZRHWFYIASTKUEMGNBQOCJPDLX
