Case #1: 6 4
Case #2: 1 7
Case #3: 2 4
Case #4: 54540240 54540238
Case #5: 138552 138550
Case #6: 6306564 6306562
Case #7: 1 3
Case #8: 13044625 13044623
Case #9: 4 2
Case #10: 3 1
Case #11: 55906840 55906838
Case #12: 1 3
Case #13: 56898477 56898475
Case #14: 335736 335734
Case #15: 3864622 3864620
Case #16: 11582631 11582629
Case #17: 306592 306590
Case #18: 1 99999997
Case #19: 81146133 81146131
Case #20: 310034 310032
Case #21: 21736694 21736692
Case #22: 99999999 99999997
Case #23: 30772197 30772195
Case #24: 51720788 51720786
Case #25: 3 1
Case #26: 65941650 65941648
Case #27: 99999998 99999996
Case #28: 48881154 48881152
Case #29: 18604801 18604799
Case #30: 1813617 1813615
Case #31: 23861878 23861876
Case #32: 1 3
Case #33: 3 1
Case #34: 99999995 99999993
Case #35: 87194901 87194899
Case #36: 490506 490504
Case #37: 102787 102785
Case #38: 21210967 21210965
Case #39: 3 1
Case #40: 31609018 31609016
Case #41: 40065 40063
Case #42: 56823228 56823226
Case #43: 93067261 93067259
Case #44: 2 100000000
Case #45: 5 3
Case #46: 2 99999998
Case #47: 6 4
Case #48: 21953574 21953572
Case #49: 1 3
Case #50: 99999997 99999995
Case #51: 43786695 43786693
Case #52: 99279513 99279511
Case #53: 73562560 73562558
Case #54: 61407804 61407802
Case #55: 1 99999999
Case #56: 94505071 94505069
Case #57: 99999998 99999996
Case #58: 2702711 2702709
Case #59: 1 99999997
Case #60: 38764362 38764360
Case #61: 26718624 26718622
Case #62: 35640827 35640825
Case #63: 22970706 22970704
Case #64: 1710294 1710292
Case #65: 99999997 99999995
Case #66: 8308960 8308958
Case #67: 1 3
Case #68: 100000000 99999998
Case #69: 38150507 38150505
Case #70: 95927398 95927396
Case #71: 2 4
Case #72: 4 2
Case #73: 5 3
Case #74: 4 2
Case #75: 3 1
Case #76: 1786089 1786087
Case #77: 4 2
Case #78: 10376135 10376133
Case #79: 3 1
Case #80: 3 1
Case #81: 100000000 99999998
Case #82: 4 2
Case #83: 2 100000000
Case #84: 2 4
Case #85: 4 2
Case #86: 37960844 37960842
Case #87: 51099846 51099844
Case #88: 45879911 45879909
Case #89: 3 1
Case #90: 29402046 29402044
Case #91: 31921274 31921272
Case #92: 82374853 82374851
Case #93: 29214576 29214574
Case #94: 1 99999999
Case #95: 731032 731030
Case #96: 3 1
Case #97: 233176 233174
Case #98: 18784287 18784285
Case #99: 1 99999997
Case #100: 99999997 99999995
