Case #1: 6 4
Case #2: 1 7
Case #3: 2 4
Case #4: 2 10
Case #5: 1 3
Case #6: 7 5
Case #7: 3 1
Case #8: 3 1
Case #9: 5 3
Case #10: 1 3
Case #11: 1 3
Case #12: 3 1
Case #13: 4 2
Case #14: 5 3
Case #15: 4 2
Case #16: 7 5
Case #17: 2 10
Case #18: 8 6
Case #19: 4 2
Case #20: 3 1
Case #21: 10 8
Case #22: 1 9
Case #23: 10 8
Case #24: 4 2
Case #25: 4 2
Case #26: 6 4
Case #27: 1 5
Case #28: 4 2
Case #29: 6 4
Case #30: 1 5
Case #31: 1 3
Case #32: 5 3
Case #33: 5 3
Case #34: 5 3
Case #35: 2 4
Case #36: 2 4
Case #37: 4 2
Case #38: 4 2
Case #39: 1 9
Case #40: 5 3
Case #41: 1 5
Case #42: 3 1
Case #43: 3 1
Case #44: 4 2
Case #45: 4 2
Case #46: 1 7
Case #47: 1 3
Case #48: 2 8
Case #49: 3 1
Case #50: 4 2
Case #51: 9 7
Case #52: 5 3
Case #53: 6 4
Case #54: 9 7
Case #55: 3 1
Case #56: 8 6
Case #57: 5 3
Case #58: 4 2
Case #59: 3 1
Case #60: 2 6
Case #61: 7 5
Case #62: 2 6
Case #63: 5 3
Case #64: 1 5
Case #65: 4 2
Case #66: 5 3
Case #67: 9 7
Case #68: 6 4
Case #69: 7 5
Case #70: 7 5
Case #71: 1 5
Case #72: 1 3
Case #73: 2 8
Case #74: 6 4
Case #75: 1 7
Case #76: 1 3
Case #77: 3 1
Case #78: 4 2
Case #79: 1 5
Case #80: 4 2
Case #81: 10 8
Case #82: 3 1
Case #83: 5 3
Case #84: 4 2
Case #85: 4 2
Case #86: 4 2
Case #87: 1 5
Case #88: 8 6
Case #89: 2 4
Case #90: 4 2
Case #91: 7 5
Case #92: 1 3
Case #93: 4 2
Case #94: 3 1
Case #95: 2 4
Case #96: 1 7
Case #97: 2 4
Case #98: 4 2
Case #99: 2 4
Case #100: 3 1
